d:\users\deric\documents\github\blackjack\project1\debug\vc141.pdb
d:\users\deric\documents\github\blackjack\project1\debug\player.obj
d:\users\deric\documents\github\blackjack\project1\debug\blackjack.obj
d:\users\deric\documents\github\blackjack\project1\debug\deck.obj
d:\users\deric\documents\github\blackjack\project1\debug\card.obj
d:\users\deric\documents\github\blackjack\project1\debug\blackjackgame.obj
d:\users\deric\documents\github\blackjack\project1\debug\.netframework,version=v4.6.1.assemblyattributes.obj
d:\users\deric\documents\github\blackjack\project1\debug\.netframework,version=v4.6.1.assemblyattributes.asm
d:\users\deric\documents\github\blackjack\debug\project1.exe
d:\users\deric\documents\github\blackjack\debug\project1.pdb
d:\users\deric\documents\github\blackjack\project1\debug\project1.blackjack.resources
d:\users\deric\documents\github\blackjack\project1\debug\project1.res
d:\users\deric\documents\github\blackjack\project1\debug\project1.vcxproj.generateresource.cache
d:\users\deric\documents\github\blackjack\project1\debug\project1.tlog\cl.command.1.tlog
d:\users\deric\documents\github\blackjack\project1\debug\project1.tlog\cl.read.1.tlog
d:\users\deric\documents\github\blackjack\project1\debug\project1.tlog\cl.write.1.tlog
d:\users\deric\documents\github\blackjack\project1\debug\project1.tlog\link.command.1.tlog
d:\users\deric\documents\github\blackjack\project1\debug\project1.tlog\link.read.1.tlog
d:\users\deric\documents\github\blackjack\project1\debug\project1.tlog\link.write.1.tlog
d:\users\deric\documents\github\blackjack\project1\debug\project1.tlog\metagen.read.1.tlog
d:\users\deric\documents\github\blackjack\project1\debug\project1.tlog\metagen.write.1.tlog
d:\users\deric\documents\github\blackjack\project1\debug\project1.tlog\project1.write.1u.tlog
d:\users\deric\documents\github\blackjack\project1\debug\project1.tlog\rc.command.1.tlog
d:\users\deric\documents\github\blackjack\project1\debug\project1.tlog\rc.read.1.tlog
d:\users\deric\documents\github\blackjack\project1\debug\project1.tlog\rc.write.1.tlog
